<?xml version="1.0" encoding="UTF-8"?>
<testng-results ignored="0" total="1" passed="1" failed="0" skipped="0">
  <reporter-output>
  </reporter-output>
  <suite started-at="2025-03-10T15:51:06 IST" name="Suite" finished-at="2025-03-10T15:51:06 IST" duration-ms="44">
    <groups>
    </groups>
    <test started-at="2025-03-10T15:51:06 IST" name="Test" finished-at="2025-03-10T15:51:06 IST" duration-ms="44">
      <class name="TestCases.DemoLogin">
        <test-method signature="testLogin()[pri:0, instance:TestCases.DemoLogin@7193666c]" started-at="2025-03-10T15:51:06 IST" name="testLogin" finished-at="2025-03-10T15:51:06 IST" duration-ms="4" status="PASS">
          <reporter-output>
          </reporter-output>
        </test-method> <!-- testLogin -->
      </class> <!-- TestCases.DemoLogin -->
    </test> <!-- Test -->
  </suite> <!-- Suite -->
</testng-results>
